

Processing ApplicationController#index (for 127.0.0.1 at 2008-12-14 03:07:24) [GET]


ActionController::RoutingError (No route matches "/" with {:method=>:get}):
    /usr/lib/ruby/gems/1.8/gems/actionpack-2.2.2/lib/action_controller/routing/recognition_optimisation.rb:66:in `recognize_path'
    /usr/lib/ruby/gems/1.8/gems/actionpack-2.2.2/lib/action_controller/routing/route_set.rb:386:in `recognize'
    /usr/lib/ruby/gems/1.8/gems/actionpack-2.2.2/lib/action_controller/dispatcher.rb:182:in `handle_request'
    /usr/lib/ruby/gems/1.8/gems/actionpack-2.2.2/lib/action_controller/dispatcher.rb:110:in `dispatch_unlocked'
    /usr/lib/ruby/gems/1.8/gems/actionpack-2.2.2/lib/action_controller/dispatcher.rb:123:in `dispatch'
    /usr/lib/ruby/gems/1.8/gems/actionpack-2.2.2/lib/action_controller/dispatcher.rb:122:in `synchronize'
    /usr/lib/ruby/gems/1.8/gems/actionpack-2.2.2/lib/action_controller/dispatcher.rb:122:in `dispatch'
    /usr/lib/ruby/gems/1.8/gems/actionpack-2.2.2/lib/action_controller/dispatcher.rb:132:in `dispatch_cgi'
    /usr/lib/ruby/gems/1.8/gems/actionpack-2.2.2/lib/action_controller/dispatcher.rb:39:in `dispatch'
    /usr/lib/ruby/gems/1.8/gems/rails-2.2.2/lib/webrick_server.rb:103:in `handle_dispatch'
    /usr/lib/ruby/gems/1.8/gems/rails-2.2.2/lib/webrick_server.rb:74:in `service'
    /usr/lib/ruby/1.8/webrick/httpserver.rb:104:in `service'
    /usr/lib/ruby/1.8/webrick/httpserver.rb:65:in `run'
    /usr/lib/ruby/1.8/webrick/server.rb:173:in `start_thread'
    /usr/lib/ruby/1.8/webrick/server.rb:162:in `start'
    /usr/lib/ruby/1.8/webrick/server.rb:162:in `start_thread'
    /usr/lib/ruby/1.8/webrick/server.rb:95:in `start'
    /usr/lib/ruby/1.8/webrick/server.rb:92:in `each'
    /usr/lib/ruby/1.8/webrick/server.rb:92:in `start'
    /usr/lib/ruby/1.8/webrick/server.rb:23:in `start'
    /usr/lib/ruby/1.8/webrick/server.rb:82:in `start'
    /usr/lib/ruby/gems/1.8/gems/rails-2.2.2/lib/webrick_server.rb:60:in `dispatch'
    /usr/lib/ruby/gems/1.8/gems/rails-2.2.2/lib/commands/servers/webrick.rb:66
    /usr/local/lib/site_ruby/1.8/rubygems/custom_require.rb:31:in `gem_original_require'
    /usr/local/lib/site_ruby/1.8/rubygems/custom_require.rb:31:in `require'
    /usr/lib/ruby/gems/1.8/gems/activesupport-2.2.2/lib/active_support/dependencies.rb:153:in `require'
    /usr/lib/ruby/gems/1.8/gems/activesupport-2.2.2/lib/active_support/dependencies.rb:521:in `new_constants_in'
    /usr/lib/ruby/gems/1.8/gems/activesupport-2.2.2/lib/active_support/dependencies.rb:153:in `require'
    /usr/lib/ruby/gems/1.8/gems/rails-2.2.2/lib/commands/server.rb:49
    /usr/local/lib/site_ruby/1.8/rubygems/custom_require.rb:31:in `gem_original_require'
    /usr/local/lib/site_ruby/1.8/rubygems/custom_require.rb:31:in `require'
    script/server:3

Rendering /usr/lib/ruby/gems/1.8/gems/actionpack-2.2.2/lib/action_controller/templates/rescues/layout.erb (not_found)


Processing ApplicationController#index (for 127.0.0.1 at 2008-12-14 03:09:15) [GET]


ActionController::RoutingError (No route matches "/" with {:method=>:get}):
    /usr/lib/ruby/gems/1.8/gems/actionpack-2.2.2/lib/action_controller/routing/recognition_optimisation.rb:66:in `recognize_path'
    /usr/lib/ruby/gems/1.8/gems/actionpack-2.2.2/lib/action_controller/routing/route_set.rb:386:in `recognize'
    /usr/lib/ruby/gems/1.8/gems/actionpack-2.2.2/lib/action_controller/dispatcher.rb:182:in `handle_request'
    /usr/lib/ruby/gems/1.8/gems/actionpack-2.2.2/lib/action_controller/dispatcher.rb:110:in `dispatch_unlocked'
    /usr/lib/ruby/gems/1.8/gems/actionpack-2.2.2/lib/action_controller/dispatcher.rb:123:in `dispatch'
    /usr/lib/ruby/gems/1.8/gems/actionpack-2.2.2/lib/action_controller/dispatcher.rb:122:in `synchronize'
    /usr/lib/ruby/gems/1.8/gems/actionpack-2.2.2/lib/action_controller/dispatcher.rb:122:in `dispatch'
    /usr/lib/ruby/gems/1.8/gems/actionpack-2.2.2/lib/action_controller/dispatcher.rb:132:in `dispatch_cgi'
    /usr/lib/ruby/gems/1.8/gems/actionpack-2.2.2/lib/action_controller/dispatcher.rb:39:in `dispatch'
    /usr/lib/ruby/gems/1.8/gems/rails-2.2.2/lib/webrick_server.rb:103:in `handle_dispatch'
    /usr/lib/ruby/gems/1.8/gems/rails-2.2.2/lib/webrick_server.rb:74:in `service'
    /usr/lib/ruby/1.8/webrick/httpserver.rb:104:in `service'
    /usr/lib/ruby/1.8/webrick/httpserver.rb:65:in `run'
    /usr/lib/ruby/1.8/webrick/server.rb:173:in `start_thread'
    /usr/lib/ruby/1.8/webrick/server.rb:162:in `start'
    /usr/lib/ruby/1.8/webrick/server.rb:162:in `start_thread'
    /usr/lib/ruby/1.8/webrick/server.rb:95:in `start'
    /usr/lib/ruby/1.8/webrick/server.rb:92:in `each'
    /usr/lib/ruby/1.8/webrick/server.rb:92:in `start'
    /usr/lib/ruby/1.8/webrick/server.rb:23:in `start'
    /usr/lib/ruby/1.8/webrick/server.rb:82:in `start'
    /usr/lib/ruby/gems/1.8/gems/rails-2.2.2/lib/webrick_server.rb:60:in `dispatch'
    /usr/lib/ruby/gems/1.8/gems/rails-2.2.2/lib/commands/servers/webrick.rb:66
    /usr/local/lib/site_ruby/1.8/rubygems/custom_require.rb:31:in `gem_original_require'
    /usr/local/lib/site_ruby/1.8/rubygems/custom_require.rb:31:in `require'
    /usr/lib/ruby/gems/1.8/gems/activesupport-2.2.2/lib/active_support/dependencies.rb:153:in `require'
    /usr/lib/ruby/gems/1.8/gems/activesupport-2.2.2/lib/active_support/dependencies.rb:521:in `new_constants_in'
    /usr/lib/ruby/gems/1.8/gems/activesupport-2.2.2/lib/active_support/dependencies.rb:153:in `require'
    /usr/lib/ruby/gems/1.8/gems/rails-2.2.2/lib/commands/server.rb:49
    /usr/local/lib/site_ruby/1.8/rubygems/custom_require.rb:31:in `gem_original_require'
    /usr/local/lib/site_ruby/1.8/rubygems/custom_require.rb:31:in `require'
    script/server:3

Rendering /usr/lib/ruby/gems/1.8/gems/actionpack-2.2.2/lib/action_controller/templates/rescues/layout.erb (not_found)


Processing ApplicationController#index (for 127.0.0.1 at 2008-12-14 03:09:22) [GET]


ActionController::RoutingError (No route matches "/comsputer" with {:method=>:get}):
    /usr/lib/ruby/gems/1.8/gems/actionpack-2.2.2/lib/action_controller/routing/recognition_optimisation.rb:66:in `recognize_path'
    /usr/lib/ruby/gems/1.8/gems/actionpack-2.2.2/lib/action_controller/routing/route_set.rb:386:in `recognize'
    /usr/lib/ruby/gems/1.8/gems/actionpack-2.2.2/lib/action_controller/dispatcher.rb:182:in `handle_request'
    /usr/lib/ruby/gems/1.8/gems/actionpack-2.2.2/lib/action_controller/dispatcher.rb:110:in `dispatch_unlocked'
    /usr/lib/ruby/gems/1.8/gems/actionpack-2.2.2/lib/action_controller/dispatcher.rb:123:in `dispatch'
    /usr/lib/ruby/gems/1.8/gems/actionpack-2.2.2/lib/action_controller/dispatcher.rb:122:in `synchronize'
    /usr/lib/ruby/gems/1.8/gems/actionpack-2.2.2/lib/action_controller/dispatcher.rb:122:in `dispatch'
    /usr/lib/ruby/gems/1.8/gems/actionpack-2.2.2/lib/action_controller/dispatcher.rb:132:in `dispatch_cgi'
    /usr/lib/ruby/gems/1.8/gems/actionpack-2.2.2/lib/action_controller/dispatcher.rb:39:in `dispatch'
    /usr/lib/ruby/gems/1.8/gems/rails-2.2.2/lib/webrick_server.rb:103:in `handle_dispatch'
    /usr/lib/ruby/gems/1.8/gems/rails-2.2.2/lib/webrick_server.rb:74:in `service'
    /usr/lib/ruby/1.8/webrick/httpserver.rb:104:in `service'
    /usr/lib/ruby/1.8/webrick/httpserver.rb:65:in `run'
    /usr/lib/ruby/1.8/webrick/server.rb:173:in `start_thread'
    /usr/lib/ruby/1.8/webrick/server.rb:162:in `start'
    /usr/lib/ruby/1.8/webrick/server.rb:162:in `start_thread'
    /usr/lib/ruby/1.8/webrick/server.rb:95:in `start'
    /usr/lib/ruby/1.8/webrick/server.rb:92:in `each'
    /usr/lib/ruby/1.8/webrick/server.rb:92:in `start'
    /usr/lib/ruby/1.8/webrick/server.rb:23:in `start'
    /usr/lib/ruby/1.8/webrick/server.rb:82:in `start'
    /usr/lib/ruby/gems/1.8/gems/rails-2.2.2/lib/webrick_server.rb:60:in `dispatch'
    /usr/lib/ruby/gems/1.8/gems/rails-2.2.2/lib/commands/servers/webrick.rb:66
    /usr/local/lib/site_ruby/1.8/rubygems/custom_require.rb:31:in `gem_original_require'
    /usr/local/lib/site_ruby/1.8/rubygems/custom_require.rb:31:in `require'
    /usr/lib/ruby/gems/1.8/gems/activesupport-2.2.2/lib/active_support/dependencies.rb:153:in `require'
    /usr/lib/ruby/gems/1.8/gems/activesupport-2.2.2/lib/active_support/dependencies.rb:521:in `new_constants_in'
    /usr/lib/ruby/gems/1.8/gems/activesupport-2.2.2/lib/active_support/dependencies.rb:153:in `require'
    /usr/lib/ruby/gems/1.8/gems/rails-2.2.2/lib/commands/server.rb:49
    /usr/local/lib/site_ruby/1.8/rubygems/custom_require.rb:31:in `gem_original_require'
    /usr/local/lib/site_ruby/1.8/rubygems/custom_require.rb:31:in `require'
    script/server:3

Rendering /usr/lib/ruby/gems/1.8/gems/actionpack-2.2.2/lib/action_controller/templates/rescues/layout.erb (not_found)


Processing ApplicationController#index (for 127.0.0.1 at 2008-12-14 03:09:29) [GET]


ActionController::RoutingError (No route matches "/computers" with {:method=>:get}):
    /usr/lib/ruby/gems/1.8/gems/actionpack-2.2.2/lib/action_controller/routing/recognition_optimisation.rb:66:in `recognize_path'
    /usr/lib/ruby/gems/1.8/gems/actionpack-2.2.2/lib/action_controller/routing/route_set.rb:386:in `recognize'
    /usr/lib/ruby/gems/1.8/gems/actionpack-2.2.2/lib/action_controller/dispatcher.rb:182:in `handle_request'
    /usr/lib/ruby/gems/1.8/gems/actionpack-2.2.2/lib/action_controller/dispatcher.rb:110:in `dispatch_unlocked'
    /usr/lib/ruby/gems/1.8/gems/actionpack-2.2.2/lib/action_controller/dispatcher.rb:123:in `dispatch'
    /usr/lib/ruby/gems/1.8/gems/actionpack-2.2.2/lib/action_controller/dispatcher.rb:122:in `synchronize'
    /usr/lib/ruby/gems/1.8/gems/actionpack-2.2.2/lib/action_controller/dispatcher.rb:122:in `dispatch'
    /usr/lib/ruby/gems/1.8/gems/actionpack-2.2.2/lib/action_controller/dispatcher.rb:132:in `dispatch_cgi'
    /usr/lib/ruby/gems/1.8/gems/actionpack-2.2.2/lib/action_controller/dispatcher.rb:39:in `dispatch'
    /usr/lib/ruby/gems/1.8/gems/rails-2.2.2/lib/webrick_server.rb:103:in `handle_dispatch'
    /usr/lib/ruby/gems/1.8/gems/rails-2.2.2/lib/webrick_server.rb:74:in `service'
    /usr/lib/ruby/1.8/webrick/httpserver.rb:104:in `service'
    /usr/lib/ruby/1.8/webrick/httpserver.rb:65:in `run'
    /usr/lib/ruby/1.8/webrick/server.rb:173:in `start_thread'
    /usr/lib/ruby/1.8/webrick/server.rb:162:in `start'
    /usr/lib/ruby/1.8/webrick/server.rb:162:in `start_thread'
    /usr/lib/ruby/1.8/webrick/server.rb:95:in `start'
    /usr/lib/ruby/1.8/webrick/server.rb:92:in `each'
    /usr/lib/ruby/1.8/webrick/server.rb:92:in `start'
    /usr/lib/ruby/1.8/webrick/server.rb:23:in `start'
    /usr/lib/ruby/1.8/webrick/server.rb:82:in `start'
    /usr/lib/ruby/gems/1.8/gems/rails-2.2.2/lib/webrick_server.rb:60:in `dispatch'
    /usr/lib/ruby/gems/1.8/gems/rails-2.2.2/lib/commands/servers/webrick.rb:66
    /usr/local/lib/site_ruby/1.8/rubygems/custom_require.rb:31:in `gem_original_require'
    /usr/local/lib/site_ruby/1.8/rubygems/custom_require.rb:31:in `require'
    /usr/lib/ruby/gems/1.8/gems/activesupport-2.2.2/lib/active_support/dependencies.rb:153:in `require'
    /usr/lib/ruby/gems/1.8/gems/activesupport-2.2.2/lib/active_support/dependencies.rb:521:in `new_constants_in'
    /usr/lib/ruby/gems/1.8/gems/activesupport-2.2.2/lib/active_support/dependencies.rb:153:in `require'
    /usr/lib/ruby/gems/1.8/gems/rails-2.2.2/lib/commands/server.rb:49
    /usr/local/lib/site_ruby/1.8/rubygems/custom_require.rb:31:in `gem_original_require'
    /usr/local/lib/site_ruby/1.8/rubygems/custom_require.rb:31:in `require'
    script/server:3

Rendering /usr/lib/ruby/gems/1.8/gems/actionpack-2.2.2/lib/action_controller/templates/rescues/layout.erb (not_found)


Processing ComputersController#index (for 127.0.0.1 at 2008-12-14 03:11:26) [GET]


ActionController::UnknownAction (No action responded to index. Actions: ):
    /usr/lib/ruby/gems/1.8/gems/actionpack-2.2.2/lib/action_controller/filters.rb:617:in `call_filters'
    /usr/lib/ruby/gems/1.8/gems/actionpack-2.2.2/lib/action_controller/filters.rb:610:in `perform_action_without_benchmark'
    /usr/lib/ruby/gems/1.8/gems/actionpack-2.2.2/lib/action_controller/benchmarking.rb:68:in `perform_action_without_rescue'
    /usr/lib/ruby/1.8/benchmark.rb:293:in `measure'
    /usr/lib/ruby/gems/1.8/gems/actionpack-2.2.2/lib/action_controller/benchmarking.rb:68:in `perform_action_without_rescue'
    /usr/lib/ruby/gems/1.8/gems/actionpack-2.2.2/lib/action_controller/rescue.rb:136:in `perform_action_without_caching'
    /usr/lib/ruby/gems/1.8/gems/actionpack-2.2.2/lib/action_controller/caching/sql_cache.rb:13:in `perform_action'
    /usr/lib/ruby/gems/1.8/gems/activerecord-2.2.2/lib/active_record/connection_adapters/abstract/query_cache.rb:34:in `cache'
    /usr/lib/ruby/gems/1.8/gems/activerecord-2.2.2/lib/active_record/query_cache.rb:8:in `cache'
    /usr/lib/ruby/gems/1.8/gems/actionpack-2.2.2/lib/action_controller/caching/sql_cache.rb:12:in `perform_action'
    /usr/lib/ruby/gems/1.8/gems/actionpack-2.2.2/lib/action_controller/base.rb:524:in `send'
    /usr/lib/ruby/gems/1.8/gems/actionpack-2.2.2/lib/action_controller/base.rb:524:in `process_without_filters'
    /usr/lib/ruby/gems/1.8/gems/actionpack-2.2.2/lib/action_controller/filters.rb:606:in `process_without_session_management_support'
    /usr/lib/ruby/gems/1.8/gems/actionpack-2.2.2/lib/action_controller/session_management.rb:134:in `process'
    /usr/lib/ruby/gems/1.8/gems/actionpack-2.2.2/lib/action_controller/base.rb:392:in `process'
    /usr/lib/ruby/gems/1.8/gems/actionpack-2.2.2/lib/action_controller/dispatcher.rb:183:in `handle_request'
    /usr/lib/ruby/gems/1.8/gems/actionpack-2.2.2/lib/action_controller/dispatcher.rb:110:in `dispatch_unlocked'
    /usr/lib/ruby/gems/1.8/gems/actionpack-2.2.2/lib/action_controller/dispatcher.rb:123:in `dispatch'
    /usr/lib/ruby/gems/1.8/gems/actionpack-2.2.2/lib/action_controller/dispatcher.rb:122:in `synchronize'
    /usr/lib/ruby/gems/1.8/gems/actionpack-2.2.2/lib/action_controller/dispatcher.rb:122:in `dispatch'
    /usr/lib/ruby/gems/1.8/gems/actionpack-2.2.2/lib/action_controller/dispatcher.rb:132:in `dispatch_cgi'
    /usr/lib/ruby/gems/1.8/gems/actionpack-2.2.2/lib/action_controller/dispatcher.rb:39:in `dispatch'
    /usr/lib/ruby/gems/1.8/gems/rails-2.2.2/lib/webrick_server.rb:103:in `handle_dispatch'
    /usr/lib/ruby/gems/1.8/gems/rails-2.2.2/lib/webrick_server.rb:74:in `service'
    /usr/lib/ruby/1.8/webrick/httpserver.rb:104:in `service'
    /usr/lib/ruby/1.8/webrick/httpserver.rb:65:in `run'
    /usr/lib/ruby/1.8/webrick/server.rb:173:in `start_thread'
    /usr/lib/ruby/1.8/webrick/server.rb:162:in `start'
    /usr/lib/ruby/1.8/webrick/server.rb:162:in `start_thread'
    /usr/lib/ruby/1.8/webrick/server.rb:95:in `start'
    /usr/lib/ruby/1.8/webrick/server.rb:92:in `each'
    /usr/lib/ruby/1.8/webrick/server.rb:92:in `start'
    /usr/lib/ruby/1.8/webrick/server.rb:23:in `start'
    /usr/lib/ruby/1.8/webrick/server.rb:82:in `start'
    /usr/lib/ruby/gems/1.8/gems/rails-2.2.2/lib/webrick_server.rb:60:in `dispatch'
    /usr/lib/ruby/gems/1.8/gems/rails-2.2.2/lib/commands/servers/webrick.rb:66
    /usr/local/lib/site_ruby/1.8/rubygems/custom_require.rb:31:in `gem_original_require'
    /usr/local/lib/site_ruby/1.8/rubygems/custom_require.rb:31:in `require'
    /usr/lib/ruby/gems/1.8/gems/activesupport-2.2.2/lib/active_support/dependencies.rb:153:in `require'
    /usr/lib/ruby/gems/1.8/gems/activesupport-2.2.2/lib/active_support/dependencies.rb:521:in `new_constants_in'
    /usr/lib/ruby/gems/1.8/gems/activesupport-2.2.2/lib/active_support/dependencies.rb:153:in `require'
    /usr/lib/ruby/gems/1.8/gems/rails-2.2.2/lib/commands/server.rb:49
    /usr/local/lib/site_ruby/1.8/rubygems/custom_require.rb:31:in `gem_original_require'
    /usr/local/lib/site_ruby/1.8/rubygems/custom_require.rb:31:in `require'
    script/server:3

Rendering /usr/lib/ruby/gems/1.8/gems/actionpack-2.2.2/lib/action_controller/templates/rescues/layout.erb (not_found)
  [4;36;1mSQL (0.4ms)[0m   [0;1m SELECT name
 FROM sqlite_master
 WHERE type = 'table' AND NOT name = 'sqlite_sequence'
[0m
  [4;35;1mSQL (0.3ms)[0m   [0mselect sqlite_version(*)[0m
  [4;36;1mSQL (6.5ms)[0m   [0;1mCREATE TABLE "schema_migrations" ("version" varchar(255) NOT NULL) [0m
  [4;35;1mSQL (3.4ms)[0m   [0mCREATE UNIQUE INDEX "unique_schema_migrations" ON "schema_migrations" ("version")[0m
  [4;36;1mSQL (0.4ms)[0m   [0;1m SELECT name
 FROM sqlite_master
 WHERE type = 'table' AND NOT name = 'sqlite_sequence'
[0m
  [4;35;1mSQL (0.2ms)[0m   [0mSELECT version FROM schema_migrations[0m
Migrating to CreateComputers (20081214050839)
  [4;36;1mSQL (40.5ms)[0m   [0;1mCREATE TABLE "computers" ("id" INTEGER PRIMARY KEY AUTOINCREMENT NOT NULL, "name" varchar(255), "ip" varchar(255), "mac" varchar(255), "created_at" datetime, "updated_at" datetime) [0m
  [4;35;1mSQL (3.5ms)[0m   [0mINSERT INTO schema_migrations (version) VALUES ('20081214050839')[0m
  [4;36;1mSQL (0.7ms)[0m   [0;1m SELECT name
 FROM sqlite_master
 WHERE type = 'table' AND NOT name = 'sqlite_sequence'
[0m
  [4;35;1mSQL (0.4ms)[0m   [0mSELECT version FROM schema_migrations[0m
  [4;36;1mSQL (0.5ms)[0m   [0;1m SELECT name
 FROM sqlite_master
 WHERE type = 'table' AND NOT name = 'sqlite_sequence'
[0m
  [4;35;1mSQL (0.2ms)[0m   [0mPRAGMA index_list("computers")[0m


Processing ComputersController#index (for 127.0.0.1 at 2008-12-14 03:14:05) [GET]


ActionController::UnknownAction (No action responded to index. Actions: ):
    /usr/lib/ruby/gems/1.8/gems/actionpack-2.2.2/lib/action_controller/filters.rb:617:in `call_filters'
    /usr/lib/ruby/gems/1.8/gems/actionpack-2.2.2/lib/action_controller/filters.rb:610:in `perform_action_without_benchmark'
    /usr/lib/ruby/gems/1.8/gems/actionpack-2.2.2/lib/action_controller/benchmarking.rb:68:in `perform_action_without_rescue'
    /usr/lib/ruby/1.8/benchmark.rb:293:in `measure'
    /usr/lib/ruby/gems/1.8/gems/actionpack-2.2.2/lib/action_controller/benchmarking.rb:68:in `perform_action_without_rescue'
    /usr/lib/ruby/gems/1.8/gems/actionpack-2.2.2/lib/action_controller/rescue.rb:136:in `perform_action_without_caching'
    /usr/lib/ruby/gems/1.8/gems/actionpack-2.2.2/lib/action_controller/caching/sql_cache.rb:13:in `perform_action'
    /usr/lib/ruby/gems/1.8/gems/activerecord-2.2.2/lib/active_record/connection_adapters/abstract/query_cache.rb:34:in `cache'
    /usr/lib/ruby/gems/1.8/gems/activerecord-2.2.2/lib/active_record/query_cache.rb:8:in `cache'
    /usr/lib/ruby/gems/1.8/gems/actionpack-2.2.2/lib/action_controller/caching/sql_cache.rb:12:in `perform_action'
    /usr/lib/ruby/gems/1.8/gems/actionpack-2.2.2/lib/action_controller/base.rb:524:in `send'
    /usr/lib/ruby/gems/1.8/gems/actionpack-2.2.2/lib/action_controller/base.rb:524:in `process_without_filters'
    /usr/lib/ruby/gems/1.8/gems/actionpack-2.2.2/lib/action_controller/filters.rb:606:in `process_without_session_management_support'
    /usr/lib/ruby/gems/1.8/gems/actionpack-2.2.2/lib/action_controller/session_management.rb:134:in `process'
    /usr/lib/ruby/gems/1.8/gems/actionpack-2.2.2/lib/action_controller/base.rb:392:in `process'
    /usr/lib/ruby/gems/1.8/gems/actionpack-2.2.2/lib/action_controller/dispatcher.rb:183:in `handle_request'
    /usr/lib/ruby/gems/1.8/gems/actionpack-2.2.2/lib/action_controller/dispatcher.rb:110:in `dispatch_unlocked'
    /usr/lib/ruby/gems/1.8/gems/actionpack-2.2.2/lib/action_controller/dispatcher.rb:123:in `dispatch'
    /usr/lib/ruby/gems/1.8/gems/actionpack-2.2.2/lib/action_controller/dispatcher.rb:122:in `synchronize'
    /usr/lib/ruby/gems/1.8/gems/actionpack-2.2.2/lib/action_controller/dispatcher.rb:122:in `dispatch'
    /usr/lib/ruby/gems/1.8/gems/actionpack-2.2.2/lib/action_controller/dispatcher.rb:132:in `dispatch_cgi'
    /usr/lib/ruby/gems/1.8/gems/actionpack-2.2.2/lib/action_controller/dispatcher.rb:39:in `dispatch'
    /usr/lib/ruby/gems/1.8/gems/rails-2.2.2/lib/webrick_server.rb:103:in `handle_dispatch'
    /usr/lib/ruby/gems/1.8/gems/rails-2.2.2/lib/webrick_server.rb:74:in `service'
    /usr/lib/ruby/1.8/webrick/httpserver.rb:104:in `service'
    /usr/lib/ruby/1.8/webrick/httpserver.rb:65:in `run'
    /usr/lib/ruby/1.8/webrick/server.rb:173:in `start_thread'
    /usr/lib/ruby/1.8/webrick/server.rb:162:in `start'
    /usr/lib/ruby/1.8/webrick/server.rb:162:in `start_thread'
    /usr/lib/ruby/1.8/webrick/server.rb:95:in `start'
    /usr/lib/ruby/1.8/webrick/server.rb:92:in `each'
    /usr/lib/ruby/1.8/webrick/server.rb:92:in `start'
    /usr/lib/ruby/1.8/webrick/server.rb:23:in `start'
    /usr/lib/ruby/1.8/webrick/server.rb:82:in `start'
    /usr/lib/ruby/gems/1.8/gems/rails-2.2.2/lib/webrick_server.rb:60:in `dispatch'
    /usr/lib/ruby/gems/1.8/gems/rails-2.2.2/lib/commands/servers/webrick.rb:66
    /usr/local/lib/site_ruby/1.8/rubygems/custom_require.rb:31:in `gem_original_require'
    /usr/local/lib/site_ruby/1.8/rubygems/custom_require.rb:31:in `require'
    /usr/lib/ruby/gems/1.8/gems/activesupport-2.2.2/lib/active_support/dependencies.rb:153:in `require'
    /usr/lib/ruby/gems/1.8/gems/activesupport-2.2.2/lib/active_support/dependencies.rb:521:in `new_constants_in'
    /usr/lib/ruby/gems/1.8/gems/activesupport-2.2.2/lib/active_support/dependencies.rb:153:in `require'
    /usr/lib/ruby/gems/1.8/gems/rails-2.2.2/lib/commands/server.rb:49
    /usr/local/lib/site_ruby/1.8/rubygems/custom_require.rb:31:in `gem_original_require'
    /usr/local/lib/site_ruby/1.8/rubygems/custom_require.rb:31:in `require'
    script/server:3

Rendering /usr/lib/ruby/gems/1.8/gems/actionpack-2.2.2/lib/action_controller/templates/rescues/layout.erb (not_found)


Processing ComputersController#index (for 127.0.0.1 at 2008-12-14 03:15:57) [GET]
Rendering computers/index
Completed in 8ms (View: 3, DB: 0) | 200 OK [http://localhost/computers]
